  MyForm.cpp
d:\c++ projects\tfgordo\tfgordo\cjugador.h(36): warning C4244: 'argument': conversion from 'int' to 'float', possible loss of data
d:\c++ projects\tfgordo\tfgordo\cellbigsize.h(31): warning C4244: 'argument': conversion from 'int' to 'float', possible loss of data
d:\c++ projects\tfgordo\tfgordo\celloflowsize.h(33): warning C4244: 'argument': conversion from 'int' to 'float', possible loss of data
d:\c++ projects\tfgordo\tfgordo\division.h(30): warning C4244: 'argument': conversion from 'int' to 'float', possible loss of data
d:\c++ projects\tfgordo\tfgordo\juego.h(31): warning C4244: 'argument': conversion from 'time_t' to 'unsigned int', possible loss of data
d:\c++ projects\tfgordo\tfgordo\juego.h(48): warning C4244: '=': conversion from 'float' to 'int', possible loss of data
d:\c++ projects\tfgordo\tfgordo\juego.h(52): warning C4244: 'return': conversion from 'int' to 'float', possible loss of data
d:\c++ projects\tfgordo\tfgordo\juego.h(61): warning C4018: '<': signed/unsigned mismatch
d:\c++ projects\tfgordo\tfgordo\juego.h(66): warning C4018: '<': signed/unsigned mismatch
d:\c++ projects\tfgordo\tfgordo\juego.h(71): warning C4018: '<': signed/unsigned mismatch
d:\c++ projects\tfgordo\tfgordo\juego.h(76): warning C4018: '<': signed/unsigned mismatch
d:\c++ projects\tfgordo\tfgordo\juego.h(89): warning C4018: '<': signed/unsigned mismatch
d:\c++ projects\tfgordo\tfgordo\juego.h(94): warning C4018: '<': signed/unsigned mismatch
d:\c++ projects\tfgordo\tfgordo\juego.h(99): warning C4018: '<': signed/unsigned mismatch
d:\c++ projects\tfgordo\tfgordo\juego.h(145): warning C4244: 'argument': conversion from 'double' to 'int', possible loss of data
d:\c++ projects\tfgordo\tfgordo\juego.h(193): warning C4244: 'argument': conversion from 'double' to 'int', possible loss of data
d:\c++ projects\tfgordo\tfgordo\juego.h(291): warning C4244: 'initializing': conversion from 'double' to 'int', possible loss of data
d:\c++ projects\tfgordo\tfgordo\juego.h(293): warning C4018: '<': signed/unsigned mismatch
d:\c++ projects\tfgordo\tfgordo\juego.h(321): warning C4018: '<': signed/unsigned mismatch
d:\c++ projects\tfgordo\tfgordo\juego.h(329): warning C4018: '<': signed/unsigned mismatch
d:\c++ projects\tfgordo\tfgordo\juego.h(357): warning C4018: '<': signed/unsigned mismatch
d:\c++ projects\tfgordo\tfgordo\juego.h(364): warning C4018: '<': signed/unsigned mismatch
d:\c++ projects\tfgordo\tfgordo\juego.h(391): warning C4018: '<': signed/unsigned mismatch
d:\c++ projects\tfgordo\tfgordo\juego.h(400): warning C4018: '<': signed/unsigned mismatch
d:\c++ projects\tfgordo\tfgordo\juego.h(406): warning C4244: '=': conversion from 'double' to 'int', possible loss of data
d:\c++ projects\tfgordo\tfgordo\juego.h(408): warning C4018: '<': signed/unsigned mismatch
d:\c++ projects\tfgordo\tfgordo\juego.h(434): warning C4018: '<': signed/unsigned mismatch
d:\c++ projects\tfgordo\tfgordo\juego.h(442): warning C4018: '<': signed/unsigned mismatch
d:\c++ projects\tfgordo\tfgordo\juego.h(467): warning C4018: '<': signed/unsigned mismatch
d:\c++ projects\tfgordo\tfgordo\juego.h(474): warning C4018: '<': signed/unsigned mismatch
d:\c++ projects\tfgordo\tfgordo\juego.h(498): warning C4018: '<': signed/unsigned mismatch
d:\c++ projects\tfgordo\tfgordo\juego.h(507): warning C4018: '<': signed/unsigned mismatch
d:\c++ projects\tfgordo\tfgordo\juego.h(515): warning C4018: '<': signed/unsigned mismatch
d:\c++ projects\tfgordo\tfgordo\juego.h(521): warning C4244: '=': conversion from 'double' to 'int', possible loss of data
d:\c++ projects\tfgordo\tfgordo\juego.h(523): warning C4018: '<': signed/unsigned mismatch
d:\c++ projects\tfgordo\tfgordo\juego.h(540): warning C4018: '<': signed/unsigned mismatch
d:\c++ projects\tfgordo\tfgordo\juego.h(587): warning C4244: 'return': conversion from 'double' to 'int', possible loss of data
d:\c++ projects\tfgordo\tfgordo\myform.h(539): warning C4244: 'argument': conversion from 'int' to 'float', possible loss of data
  TFGordo.vcxproj -> D:\C++ Projects\TFGordo\Debug\TFGordo.exe
